Performing C SOURCE FILE Test CMAKE_HAVE_LIBC_PTHREAD failed with the following output:
Change Dir: /home/keereel/proj/SampleOGL/build/CMakeFiles/CMakeTmp

Run Build Command(s):/usr/bin/gmake cmTC_5aecc/fast && /usr/bin/gmake  -f CMakeFiles/cmTC_5aecc.dir/build.make CMakeFiles/cmTC_5aecc.dir/build
gmake[1]: Entering directory '/home/keereel/proj/SampleOGL/build/CMakeFiles/CMakeTmp'
Building C object CMakeFiles/cmTC_5aecc.dir/src.c.o
/usr/bin/cc   -DCMAKE_HAVE_LIBC_PTHREAD -o CMakeFiles/cmTC_5aecc.dir/src.c.o -c /home/keereel/proj/SampleOGL/build/CMakeFiles/CMakeTmp/src.c
Linking C executable cmTC_5aecc
/usr/bin/cmake -E cmake_link_script CMakeFiles/cmTC_5aecc.dir/link.txt --verbose=1
/usr/bin/cc  -DCMAKE_HAVE_LIBC_PTHREAD CMakeFiles/cmTC_5aecc.dir/src.c.o -o cmTC_5aecc 
/usr/bin/ld: CMakeFiles/cmTC_5aecc.dir/src.c.o: in function `main':
src.c:(.text+0x46): undefined reference to `pthread_create'
/usr/bin/ld: src.c:(.text+0x52): undefined reference to `pthread_detach'
/usr/bin/ld: src.c:(.text+0x5e): undefined reference to `pthread_cancel'
/usr/bin/ld: src.c:(.text+0x6f): undefined reference to `pthread_join'
collect2: error: ld returned 1 exit status
gmake[1]: *** [CMakeFiles/cmTC_5aecc.dir/build.make:106: cmTC_5aecc] Error 1
gmake[1]: Leaving directory '/home/keereel/proj/SampleOGL/build/CMakeFiles/CMakeTmp'
gmake: *** [Makefile:140: cmTC_5aecc/fast] Error 2


Source file was:
#include <pthread.h>

void* test_func(void* data)
{
  return data;
}

int main(void)
{
  pthread_t thread;
  pthread_create(&thread, NULL, test_func, NULL);
  pthread_detach(thread);
  pthread_cancel(thread);
  pthread_join(thread, NULL);
  pthread_atfork(NULL, NULL, NULL);
  pthread_exit(NULL);

  return 0;
}

Determining if the function pthread_create exists in the pthreads failed with the following output:
Change Dir: /home/keereel/proj/SampleOGL/build/CMakeFiles/CMakeTmp

Run Build Command(s):/usr/bin/gmake cmTC_340d6/fast && /usr/bin/gmake  -f CMakeFiles/cmTC_340d6.dir/build.make CMakeFiles/cmTC_340d6.dir/build
gmake[1]: Entering directory '/home/keereel/proj/SampleOGL/build/CMakeFiles/CMakeTmp'
Building C object CMakeFiles/cmTC_340d6.dir/CheckFunctionExists.c.o
/usr/bin/cc   -DCHECK_FUNCTION_EXISTS=pthread_create -o CMakeFiles/cmTC_340d6.dir/CheckFunctionExists.c.o -c /usr/share/cmake-3.18/Modules/CheckFunctionExists.c
Linking C executable cmTC_340d6
/usr/bin/cmake -E cmake_link_script CMakeFiles/cmTC_340d6.dir/link.txt --verbose=1
/usr/bin/cc  -DCHECK_FUNCTION_EXISTS=pthread_create CMakeFiles/cmTC_340d6.dir/CheckFunctionExists.c.o -o cmTC_340d6  -lpthreads 
/usr/bin/ld: cannot find -lpthreads
collect2: error: ld returned 1 exit status
gmake[1]: *** [CMakeFiles/cmTC_340d6.dir/build.make:106: cmTC_340d6] Error 1
gmake[1]: Leaving directory '/home/keereel/proj/SampleOGL/build/CMakeFiles/CMakeTmp'
gmake: *** [Makefile:140: cmTC_340d6/fast] Error 2



